<?xml version="1.0" encoding="UTF-8"?>
<testsuite name="ru.stqa.pft.addressbook.tests.ContactCreationTests" tests="3" skipped="0" failures="0" errors="0" timestamp="2017-08-27T15:12:40" hostname="dsud-troshkin" time="103.728">
  <properties/>
  <testcase name="testContactCreation[0](ContactData{first_name='test First name 0', last_name='test Last name 0', address='test address 0', e_mail='test mail1_0@ya.ru', group='test2', id=2147483647, mobile_phone='8-917-243-54-0', home_phone='8-917-567-65-0', work_phone='8-919-354-45-0', allPhones='null', email2='test mail2_0@ya.ru', email3='test mail3_0@ya.ru', allEmails='null'})" classname="ru.stqa.pft.addressbook.tests.ContactCreationTests" time="34.5"/>
  <testcase name="testContactCreation[1](ContactData{first_name='test First name 1', last_name='test Last name 1', address='test address 1', e_mail='test mail1_1@ya.ru', group='test2', id=2147483647, mobile_phone='8-917-243-54-1', home_phone='8-917-567-65-1', work_phone='8-919-354-45-1', allPhones='null', email2='test mail2_1@ya.ru', email3='test mail3_1@ya.ru', allEmails='null'})" classname="ru.stqa.pft.addressbook.tests.ContactCreationTests" time="33.613"/>
  <testcase name="testContactCreation[2](ContactData{first_name='test First name 2', last_name='test Last name 2', address='test address 2', e_mail='test mail1_2@ya.ru', group='test2', id=2147483647, mobile_phone='8-917-243-54-2', home_phone='8-917-567-65-2', work_phone='8-919-354-45-2', allPhones='null', email2='test mail2_2@ya.ru', email3='test mail3_2@ya.ru', allEmails='null'})" classname="ru.stqa.pft.addressbook.tests.ContactCreationTests" time="35.613"/>
  <system-out><![CDATA[]]></system-out>
  <system-err><![CDATA[]]></system-err>
</testsuite>
