<?xml version="1.0" encoding="UTF-8"?>
<testsuite name="ru.stqa.pft.addressbook.tests.GroupCreationTests" tests="4" skipped="0" failures="0" errors="0" timestamp="2017-08-27T14:54:46" hostname="dsud-troshkin" time="55.177">
  <properties/>
  <testcase name="testBadGroupCreation" classname="ru.stqa.pft.addressbook.tests.GroupCreationTests" time="21.166"/>
  <testcase name="testGroupCreation[0](GroupData{name='test 0', id='0'})" classname="ru.stqa.pft.addressbook.tests.GroupCreationTests" time="11.724"/>
  <testcase name="testGroupCreation[1](GroupData{name='test 1', id='0'})" classname="ru.stqa.pft.addressbook.tests.GroupCreationTests" time="10.76"/>
  <testcase name="testGroupCreation[2](GroupData{name='test 2', id='0'})" classname="ru.stqa.pft.addressbook.tests.GroupCreationTests" time="9.1"/>
  <system-out><![CDATA[]]></system-out>
  <system-err><![CDATA[]]></system-err>
</testsuite>
